Using pre-set license
Built from '2020.2/release' branch; Version is '2020.2.2f1 (068178b99f32) revision 426360'; Using compiler version '192528614'; Build Type 'Release'
OS: 'Windows 10 Home; OS build 19041.985; Version 2004; 64bit' Language: 'en' Physical Memory: 16253 MB
BatchMode: 1, IsHumanControllingUs: 0, StartBugReporterOnCrash: 0, Is64bit: 1, IsPro: 0

 COMMAND LINE ARGUMENTS:
D:\2020.2.2f1\Editor\Unity.exe
-adb2
-batchMode
-noUpm
-name
AssetImportWorker0
-projectPath
D:/Unity/WAAD
-logFile
Logs/AssetImportWorker0.log
-srvPort
55628
Successfully changed project path to: D:/Unity/WAAD
D:/Unity/WAAD
Using Asset Import Pipeline V2.
Refreshing native plugins compatible for Editor in 55.31 ms, found 1 plugins.
Preloading 0 native plugins for Editor in 0.00 ms.
Initialize engine version: 2020.2.2f1 (068178b99f32)
[Subsystems] Discovering subsystems at path D:/2020.2.2f1/Editor/Data/Resources/UnitySubsystems
[Subsystems] Discovering subsystems at path D:/Unity/WAAD/Assets
GfxDevice: creating device client; threaded=0
Direct3D:
    Version:  Direct3D 11.0 [level 11.1]
    Renderer: NVIDIA GeForce GTX 1070 (ID=0x1be1)
    Vendor:   
    VRAM:     8081 MB
    Driver:   27.21.14.5730
Initialize mono
Mono path[0] = 'D:/2020.2.2f1/Editor/Data/Managed'
Mono path[1] = 'D:/2020.2.2f1/Editor/Data/MonoBleedingEdge/lib/mono/unityjit'
Mono config path = 'D:/2020.2.2f1/Editor/Data/MonoBleedingEdge/etc'
Using monoOptions --debugger-agent=transport=dt_socket,embedding=1,server=y,suspend=n,address=127.0.0.1:56112
Begin MonoManager ReloadAssembly
Registering precompiled unity dll's ...
Register platform support module: D:/2020.2.2f1/Editor/Data/PlaybackEngines/WebGLSupport/UnityEditor.WebGL.Extensions.dll
Register platform support module: D:/2020.2.2f1/Editor/Data/PlaybackEngines/WindowsStandaloneSupport/UnityEditor.WindowsStandalone.Extensions.dll
Registered in 0.002472 seconds.
Native extension for WindowsStandalone target not found
Native extension for WebGL target not found
Refreshing native plugins compatible for Editor in 42.12 ms, found 1 plugins.
Preloading 0 native plugins for Editor in 0.00 ms.
Invoked RoslynAnalysisRunner static constructor.
RoslynAnalysisRunner will not be running.
RoslynAnalysisRunner has terminated.
Mono: successfully reloaded assembly
- Completed reload, in  1.883 seconds
Platform modules already initialized, skipping
Registering precompiled user dll's ...
Registered in 0.001193 seconds.
Begin MonoManager ReloadAssembly
Native extension for WindowsStandalone target not found
Native extension for WebGL target not found
Refreshing native plugins compatible for Editor in 54.99 ms, found 1 plugins.
Preloading 0 native plugins for Editor in 0.00 ms.
Invoked RoslynAnalysisRunner static constructor.
RoslynAnalysisRunner will not be running.
RoslynAnalysisRunner has terminated.
Mono: successfully reloaded assembly
- Completed reload, in  1.352 seconds
Platform modules already initialized, skipping
========================================================================
Worker process is ready to serve import requests
Launched and connected shader compiler UnityShaderCompiler.exe after 0.07 seconds
Refreshing native plugins compatible for Editor in 0.34 ms, found 1 plugins.
Preloading 0 native plugins for Editor in 0.00 ms.
Unloading 1793 Unused Serialized files (Serialized files now loaded: 0)
System memory in use before: 84.1 MB.
System memory in use after: 84.2 MB.

Unloading 19 unused Assets to reduce memory usage. Loaded Objects now: 2239.
Total: 3.232500 ms (FindLiveObjects: 0.541900 ms CreateObjectMapping: 0.487100 ms MarkObjects: 2.090400 ms  DeleteObjects: 0.111100 ms)

========================================================================
Received Import Request.
  path: Assets/Scripts
  artifactKey: Guid(f586501cbc0a32945a4653bbb6f0c99b) Importer(815301076,1909f56bfc062723c751e8b465ee728b)
Start importing Assets/Scripts using Guid(f586501cbc0a32945a4653bbb6f0c99b) Importer(815301076,1909f56bfc062723c751e8b465ee728b)  -> (artifact id: 'a1729dfab17e3f002be2c9f890e5df3c') in 0.004525 seconds
  Import took 0.007471 seconds .

========================================================================
Received Import Request.
  Time since last request: 0.049897 seconds.
  path: Assets/Scripts/PlayerController.cs
  artifactKey: Guid(072c6fb514b6c90439698169c0e6f1ff) Importer(815301076,1909f56bfc062723c751e8b465ee728b)
Start importing Assets/Scripts/PlayerController.cs using Guid(072c6fb514b6c90439698169c0e6f1ff) Importer(815301076,1909f56bfc062723c751e8b465ee728b)  -> (artifact id: 'abcd6ad654a19d8e5cfcf6453a9b5ce7') in 0.066469 seconds
  Import took 0.069145 seconds .

========================================================================
Received Import Request.
  Time since last request: 0.012443 seconds.
  path: Assets/Scripts/PlayerController.cs
  artifactKey: Guid(072c6fb514b6c90439698169c0e6f1ff) Importer(815301076,1909f56bfc062723c751e8b465ee728b)
Start importing Assets/Scripts/PlayerController.cs using Guid(072c6fb514b6c90439698169c0e6f1ff) Importer(815301076,1909f56bfc062723c751e8b465ee728b)  -> (artifact id: 'abcd6ad654a19d8e5cfcf6453a9b5ce7') in 0.002841 seconds
  Import took 0.007711 seconds .

========================================================================
Received Import Request.
  Time since last request: 5.307194 seconds.
  path: Assets/Scripts/Player
  artifactKey: Guid(df1a7393c995f984785efa00e003c675) Importer(815301076,1909f56bfc062723c751e8b465ee728b)
Start importing Assets/Scripts/Player using Guid(df1a7393c995f984785efa00e003c675) Importer(815301076,1909f56bfc062723c751e8b465ee728b)  -> (artifact id: '49a13b6964fdb080d524a14c68404318') in 0.003598 seconds
  Import took 0.007368 seconds .

========================================================================
Received Prepare
Registering precompiled user dll's ...
Registered in 0.001469 seconds.
Begin MonoManager ReloadAssembly
Native extension for WindowsStandalone target not found
Native extension for WebGL target not found
Refreshing native plugins compatible for Editor in 0.43 ms, found 1 plugins.
Preloading 0 native plugins for Editor in 0.00 ms.
Invoked RoslynAnalysisRunner static constructor.
RoslynAnalysisRunner will not be running.
RoslynAnalysisRunner has terminated.
Mono: successfully reloaded assembly
- Completed reload, in  1.386 seconds
Platform modules already initialized, skipping
Refreshing native plugins compatible for Editor in 0.38 ms, found 1 plugins.
Preloading 0 native plugins for Editor in 0.00 ms.
Unloading 1783 Unused Serialized files (Serialized files now loaded: 0)
System memory in use before: 83.8 MB.
System memory in use after: 83.9 MB.

Unloading 7 unused Assets to reduce memory usage. Loaded Objects now: 2242.
Total: 2.481100 ms (FindLiveObjects: 0.223200 ms CreateObjectMapping: 0.091800 ms MarkObjects: 2.122400 ms  DeleteObjects: 0.041400 ms)

========================================================================
Received Import Request.
  Time since last request: 11.305973 seconds.
  path: Assets/Scripts/AI
  artifactKey: Guid(701c8139b59cd4842abc6fc8554cab14) Importer(815301076,1909f56bfc062723c751e8b465ee728b)
Start importing Assets/Scripts/AI using Guid(701c8139b59cd4842abc6fc8554cab14) Importer(815301076,1909f56bfc062723c751e8b465ee728b)  -> (artifact id: '1aecec2c50c88e972ed72c0376f265aa') in 0.006404 seconds
  Import took 0.009953 seconds .

========================================================================
Received Import Request.
  Time since last request: 6.217523 seconds.
  path: Assets/Scripts/AI/NewBehaviourScript.cs
  artifactKey: Guid(f63ca19affdd05545b5e206440ebe571) Importer(815301076,1909f56bfc062723c751e8b465ee728b)
Start importing Assets/Scripts/AI/NewBehaviourScript.cs using Guid(f63ca19affdd05545b5e206440ebe571) Importer(815301076,1909f56bfc062723c751e8b465ee728b)  -> (artifact id: '33ecba8c57fb80ba88ba7c0036f856a9') in 0.003415 seconds
  Import took 0.007488 seconds .

========================================================================
Received Prepare
Registering precompiled user dll's ...
Registered in 0.001198 seconds.
Begin MonoManager ReloadAssembly
Native extension for WindowsStandalone target not found
Native extension for WebGL target not found
Refreshing native plugins compatible for Editor in 0.33 ms, found 1 plugins.
Preloading 0 native plugins for Editor in 0.00 ms.
Invoked RoslynAnalysisRunner static constructor.
RoslynAnalysisRunner will not be running.
RoslynAnalysisRunner has terminated.
Mono: successfully reloaded assembly
- Completed reload, in  1.100 seconds
Platform modules already initialized, skipping
Refreshing native plugins compatible for Editor in 0.37 ms, found 1 plugins.
Preloading 0 native plugins for Editor in 0.00 ms.
Unloading 1784 Unused Serialized files (Serialized files now loaded: 0)
System memory in use before: 83.9 MB.
System memory in use after: 84.0 MB.

Unloading 7 unused Assets to reduce memory usage. Loaded Objects now: 2246.
Total: 2.070000 ms (FindLiveObjects: 0.189100 ms CreateObjectMapping: 0.067300 ms MarkObjects: 1.757100 ms  DeleteObjects: 0.054900 ms)

========================================================================
Received Prepare
Registering precompiled user dll's ...
Registered in 0.001861 seconds.
Begin MonoManager ReloadAssembly
Native extension for WindowsStandalone target not found
Native extension for WebGL target not found
Refreshing native plugins compatible for Editor in 0.50 ms, found 1 plugins.
Preloading 0 native plugins for Editor in 0.00 ms.
Invoked RoslynAnalysisRunner static constructor.
RoslynAnalysisRunner will not be running.
RoslynAnalysisRunner has terminated.
Mono: successfully reloaded assembly
- Completed reload, in  1.191 seconds
Platform modules already initialized, skipping
Refreshing native plugins compatible for Editor in 0.36 ms, found 1 plugins.
Preloading 0 native plugins for Editor in 0.00 ms.
Unloading 1783 Unused Serialized files (Serialized files now loaded: 0)
System memory in use before: 84.0 MB.
System memory in use after: 84.1 MB.

Unloading 8 unused Assets to reduce memory usage. Loaded Objects now: 2248.
Total: 2.210900 ms (FindLiveObjects: 0.206900 ms CreateObjectMapping: 0.105900 ms MarkObjects: 1.844400 ms  DeleteObjects: 0.051700 ms)

========================================================================
Received Import Request.
  Time since last request: 52.823116 seconds.
  path: Assets/Scripts/AI/EnemyManager
  artifactKey: Guid(505cf4359a5ed054280ac91caf2829d0) Importer(815301076,1909f56bfc062723c751e8b465ee728b)
Start importing Assets/Scripts/AI/EnemyManager using Guid(505cf4359a5ed054280ac91caf2829d0) Importer(815301076,1909f56bfc062723c751e8b465ee728b)  -> (artifact id: '121b30dc602d07e47fc578cfd5dea379') in 0.006552 seconds
  Import took 0.010089 seconds .

========================================================================
Received Import Request.
  Time since last request: 37.680808 seconds.
  path: Assets/Scripts/AI/EnemyManager.cs
  artifactKey: Guid(f05cf10a0300c0a46b9cc7ff310626af) Importer(815301076,1909f56bfc062723c751e8b465ee728b)
Start importing Assets/Scripts/AI/EnemyManager.cs using Guid(f05cf10a0300c0a46b9cc7ff310626af) Importer(815301076,1909f56bfc062723c751e8b465ee728b)  -> (artifact id: 'e0fba86c36a9cdb7997e88f709dcc976') in 0.002327 seconds
  Import took 0.006631 seconds .

========================================================================
Received Import Request.
  Time since last request: 0.000960 seconds.
  path: Assets/Scripts/AI/EnemyManager.cs
  artifactKey: Guid(f05cf10a0300c0a46b9cc7ff310626af) Importer(815301076,1909f56bfc062723c751e8b465ee728b)
Start importing Assets/Scripts/AI/EnemyManager.cs using Guid(f05cf10a0300c0a46b9cc7ff310626af) Importer(815301076,1909f56bfc062723c751e8b465ee728b)  -> (artifact id: 'e0fba86c36a9cdb7997e88f709dcc976') in 0.003103 seconds
  Import took 0.008483 seconds .

========================================================================
Received Prepare
Registering precompiled user dll's ...
Registered in 0.001540 seconds.
Begin MonoManager ReloadAssembly
Native extension for WindowsStandalone target not found
Native extension for WebGL target not found
Refreshing native plugins compatible for Editor in 0.43 ms, found 1 plugins.
Preloading 0 native plugins for Editor in 0.00 ms.
Invoked RoslynAnalysisRunner static constructor.
RoslynAnalysisRunner will not be running.
RoslynAnalysisRunner has terminated.
Mono: successfully reloaded assembly
- Completed reload, in  0.998 seconds
Platform modules already initialized, skipping
Refreshing native plugins compatible for Editor in 0.36 ms, found 1 plugins.
Preloading 0 native plugins for Editor in 0.00 ms.
Unloading 1784 Unused Serialized files (Serialized files now loaded: 0)
System memory in use before: 84.1 MB.
System memory in use after: 84.2 MB.

Unloading 7 unused Assets to reduce memory usage. Loaded Objects now: 2252.
Total: 2.175500 ms (FindLiveObjects: 0.306200 ms CreateObjectMapping: 0.093000 ms MarkObjects: 1.723300 ms  DeleteObjects: 0.051500 ms)

========================================================================
Received Import Request.
  Time since last request: 16.273388 seconds.
  path: Assets/Scripts/AI/EnemyBase.cs
  artifactKey: Guid(71ec24cdb7363084a9bf458075e618ad) Importer(815301076,1909f56bfc062723c751e8b465ee728b)
Start importing Assets/Scripts/AI/EnemyBase.cs using Guid(71ec24cdb7363084a9bf458075e618ad) Importer(815301076,1909f56bfc062723c751e8b465ee728b)  -> (artifact id: '484f16da13ba34a3a8151126e0e538f8') in 0.006391 seconds
  Import took 0.010241 seconds .

========================================================================
Received Prepare
Registering precompiled user dll's ...
Registered in 0.001206 seconds.
Begin MonoManager ReloadAssembly
Native extension for WindowsStandalone target not found
Native extension for WebGL target not found
Refreshing native plugins compatible for Editor in 0.34 ms, found 1 plugins.
Preloading 0 native plugins for Editor in 0.00 ms.
Invoked RoslynAnalysisRunner static constructor.
RoslynAnalysisRunner will not be running.
RoslynAnalysisRunner has terminated.
Mono: successfully reloaded assembly
- Completed reload, in  1.211 seconds
Platform modules already initialized, skipping
Refreshing native plugins compatible for Editor in 0.65 ms, found 1 plugins.
Preloading 0 native plugins for Editor in 0.00 ms.
Unloading 1785 Unused Serialized files (Serialized files now loaded: 0)
System memory in use before: 84.2 MB.
System memory in use after: 84.3 MB.

Unloading 7 unused Assets to reduce memory usage. Loaded Objects now: 2256.
Total: 2.790800 ms (FindLiveObjects: 0.415400 ms CreateObjectMapping: 0.112100 ms MarkObjects: 2.222700 ms  DeleteObjects: 0.039000 ms)

========================================================================
Received Import Request.
  Time since last request: 13.655891 seconds.
  path: Assets/Scripts/AI/Enemy1
  artifactKey: Guid(03a6bff74578eec47be8943dbd519e20) Importer(815301076,1909f56bfc062723c751e8b465ee728b)
Start importing Assets/Scripts/AI/Enemy1 using Guid(03a6bff74578eec47be8943dbd519e20) Importer(815301076,1909f56bfc062723c751e8b465ee728b)  -> (artifact id: '240980d977854627e6f5e49e990d6137') in 0.006780 seconds
  Import took 0.011278 seconds .

========================================================================
Received Import Request.
  Time since last request: 15.179604 seconds.
  path: Assets/Scripts/Projectiles
  artifactKey: Guid(d9ce0982750ce4346b7fd2498c733f8a) Importer(815301076,1909f56bfc062723c751e8b465ee728b)
Start importing Assets/Scripts/Projectiles using Guid(d9ce0982750ce4346b7fd2498c733f8a) Importer(815301076,1909f56bfc062723c751e8b465ee728b)  -> (artifact id: 'fd8c7e5ab0fb4ee4d6f82522e49edcea') in 0.003420 seconds
  Import took 0.006893 seconds .

========================================================================
Received Import Request.
  Time since last request: 11.500932 seconds.
  path: Assets/Scripts/Projectiles/ProjectileBase.cs
  artifactKey: Guid(5a20a15aea8a08541b26e63962ee9a08) Importer(815301076,1909f56bfc062723c751e8b465ee728b)
Start importing Assets/Scripts/Projectiles/ProjectileBase.cs using Guid(5a20a15aea8a08541b26e63962ee9a08) Importer(815301076,1909f56bfc062723c751e8b465ee728b)  -> (artifact id: '16690d5b087fd21b608bee6d1f6132ce') in 0.002614 seconds
  Import took 0.006008 seconds .

========================================================================
Received Prepare
Registering precompiled user dll's ...
Registered in 0.001525 seconds.
Begin MonoManager ReloadAssembly
Native extension for WindowsStandalone target not found
Native extension for WebGL target not found
Refreshing native plugins compatible for Editor in 0.34 ms, found 1 plugins.
Preloading 0 native plugins for Editor in 0.00 ms.
Invoked RoslynAnalysisRunner static constructor.
RoslynAnalysisRunner will not be running.
RoslynAnalysisRunner has terminated.
Mono: successfully reloaded assembly
- Completed reload, in  1.131 seconds
Platform modules already initialized, skipping
Refreshing native plugins compatible for Editor in 0.34 ms, found 1 plugins.
Preloading 0 native plugins for Editor in 0.00 ms.
Unloading 1786 Unused Serialized files (Serialized files now loaded: 0)
System memory in use before: 84.3 MB.
System memory in use after: 84.4 MB.

Unloading 7 unused Assets to reduce memory usage. Loaded Objects now: 2260.
Total: 2.539200 ms (FindLiveObjects: 0.464600 ms CreateObjectMapping: 0.081300 ms MarkObjects: 1.931600 ms  DeleteObjects: 0.059900 ms)

========================================================================
Received Prepare
Registering precompiled user dll's ...
Registered in 0.001256 seconds.
Begin MonoManager ReloadAssembly
Native extension for WindowsStandalone target not found
Native extension for WebGL target not found
Refreshing native plugins compatible for Editor in 0.36 ms, found 1 plugins.
Preloading 0 native plugins for Editor in 0.00 ms.
Invoked RoslynAnalysisRunner static constructor.
RoslynAnalysisRunner will not be running.
RoslynAnalysisRunner has terminated.
Mono: successfully reloaded assembly
- Completed reload, in  1.196 seconds
Platform modules already initialized, skipping
Refreshing native plugins compatible for Editor in 0.58 ms, found 1 plugins.
Preloading 0 native plugins for Editor in 0.00 ms.
Unloading 1786 Unused Serialized files (Serialized files now loaded: 0)
System memory in use before: 84.4 MB.
System memory in use after: 84.5 MB.

Unloading 7 unused Assets to reduce memory usage. Loaded Objects now: 2263.
Total: 2.173800 ms (FindLiveObjects: 0.201100 ms CreateObjectMapping: 0.068200 ms MarkObjects: 1.869200 ms  DeleteObjects: 0.033400 ms)

========================================================================
Received Import Request.
  Time since last request: 449.512763 seconds.
  path: Assets/Scripts/Projectiles/ProjectileBase.cs
  artifactKey: Guid(5a20a15aea8a08541b26e63962ee9a08) Importer(815301076,1909f56bfc062723c751e8b465ee728b)
Start importing Assets/Scripts/Projectiles/ProjectileBase.cs using Guid(5a20a15aea8a08541b26e63962ee9a08) Importer(815301076,1909f56bfc062723c751e8b465ee728b)  -> (artifact id: 'a159e2f417fd1279e49f09409a1fdf8e') in 0.007092 seconds
  Import took 0.010906 seconds .

========================================================================
Received Import Request.
  Time since last request: 218.011268 seconds.
  path: Assets/Prefabs
  artifactKey: Guid(0e0e33f6f1d9cf341b0b8e6f2efc40c1) Importer(815301076,1909f56bfc062723c751e8b465ee728b)
Start importing Assets/Prefabs using Guid(0e0e33f6f1d9cf341b0b8e6f2efc40c1) Importer(815301076,1909f56bfc062723c751e8b465ee728b)  -> (artifact id: 'ef4974d0d07cac626841154153974575') in 0.003893 seconds
  Import took 0.007975 seconds .

========================================================================
Received Import Request.
  Time since last request: 3.839949 seconds.
  path: Assets/Prefabs/Projectiles
  artifactKey: Guid(a73fc59f227939e4ca128d394f8aa9cf) Importer(815301076,1909f56bfc062723c751e8b465ee728b)
Start importing Assets/Prefabs/Projectiles using Guid(a73fc59f227939e4ca128d394f8aa9cf) Importer(815301076,1909f56bfc062723c751e8b465ee728b)  -> (artifact id: 'c5422329f566f4a886e7f599b7596509') in 0.005417 seconds
  Import took 0.013024 seconds .

========================================================================
Received Import Request.
  Time since last request: 44.008691 seconds.
  path: Assets/Prefabs/Projectiles/ProjectileBase.prefab
  artifactKey: Guid(ed74389ad686b6249ac82a1b80d87858) Importer(815301076,1909f56bfc062723c751e8b465ee728b)
Start importing Assets/Prefabs/Projectiles/ProjectileBase.prefab using Guid(ed74389ad686b6249ac82a1b80d87858) Importer(815301076,1909f56bfc062723c751e8b465ee728b)  -> (artifact id: '0a515646c84da1b73fbb9c458b3d4386') in 0.058033 seconds
  Import took 0.065036 seconds .

========================================================================
Received Import Request.
  Time since last request: 0.003226 seconds.
  path: Assets/Prefabs/Projectiles/ProjectileBase.prefab
  artifactKey: Guid(ed74389ad686b6249ac82a1b80d87858) Importer(815301076,1909f56bfc062723c751e8b465ee728b)
Start importing Assets/Prefabs/Projectiles/ProjectileBase.prefab using Guid(ed74389ad686b6249ac82a1b80d87858) Importer(815301076,1909f56bfc062723c751e8b465ee728b)  -> (artifact id: '0a515646c84da1b73fbb9c458b3d4386') in 0.005981 seconds
  Import took 0.009141 seconds .

========================================================================
Received Import Request.
  Time since last request: 975.443625 seconds.
  path: Assets/Scripts/AI/New Folder
  artifactKey: Guid(eabf96cec7ec97a4b8d532dba5e302cd) Importer(815301076,1909f56bfc062723c751e8b465ee728b)
Start importing Assets/Scripts/AI/New Folder using Guid(eabf96cec7ec97a4b8d532dba5e302cd) Importer(815301076,1909f56bfc062723c751e8b465ee728b)  -> (artifact id: '2f0634aa94cfd478b56b602690d911ec') in 0.005559 seconds
  Import took 0.011465 seconds .

========================================================================
Received Import Request.
  Time since last request: 10.942336 seconds.
  path: Assets/Scripts/AI/EnemySpawner.cs
  artifactKey: Guid(f9fb6214601fc834b8fb108341cc031d) Importer(815301076,1909f56bfc062723c751e8b465ee728b)
Start importing Assets/Scripts/AI/EnemySpawner.cs using Guid(f9fb6214601fc834b8fb108341cc031d) Importer(815301076,1909f56bfc062723c751e8b465ee728b)  -> (artifact id: '691f2d0e686867df1a20a7cb0e959db7') in 0.004659 seconds
  Import took 0.010443 seconds .

========================================================================
Received Import Request.
  Time since last request: 1436.898895 seconds.
  path: Assets/Scripts/AI/EnemySpawner.cs
  artifactKey: Guid(f9fb6214601fc834b8fb108341cc031d) Importer(815301076,1909f56bfc062723c751e8b465ee728b)
Start importing Assets/Scripts/AI/EnemySpawner.cs using Guid(f9fb6214601fc834b8fb108341cc031d) Importer(815301076,1909f56bfc062723c751e8b465ee728b)  -> (artifact id: '4721833f35746022f8977b067e9a348a') in 0.008415 seconds
  Import took 0.014776 seconds .

========================================================================
Received Import Request.
  Time since last request: 1616.924177 seconds.
  path: Assets/Scripts/PlayerController.cs
  artifactKey: Guid(8499129e801ce55488384d14e7a39140) Importer(815301076,1909f56bfc062723c751e8b465ee728b)
Start importing Assets/Scripts/PlayerController.cs using Guid(8499129e801ce55488384d14e7a39140) Importer(815301076,1909f56bfc062723c751e8b465ee728b)  -> (artifact id: '92b660cedf0fb39c4602d1b2e16c345b') in 0.003859 seconds
  Import took 0.008217 seconds .

