Using pre-set license
Built from '2020.2/release' branch; Version is '2020.2.2f1 (068178b99f32) revision 426360'; Using compiler version '192528614'; Build Type 'Release'
OS: 'Windows 10 Home; OS build 19041.985; Version 2004; 64bit' Language: 'en' Physical Memory: 16265 MB
BatchMode: 1, IsHumanControllingUs: 0, StartBugReporterOnCrash: 0, Is64bit: 1, IsPro: 0

 COMMAND LINE ARGUMENTS:
D:\Program Files (x86)\Unity\2020.2.2f1\Editor\Unity.exe
-adb2
-batchMode
-noUpm
-name
AssetImportWorker0
-projectPath
D:/Desktop(Drive Data)/GradJam/WAAD
-logFile
Logs/AssetImportWorker0.log
-srvPort
49536
Successfully changed project path to: D:/Desktop(Drive Data)/GradJam/WAAD
D:/Desktop(Drive Data)/GradJam/WAAD
Using Asset Import Pipeline V2.
Refreshing native plugins compatible for Editor in 43.66 ms, found 1 plugins.
Preloading 0 native plugins for Editor in 0.00 ms.
Initialize engine version: 2020.2.2f1 (068178b99f32)
[Subsystems] Discovering subsystems at path D:/Program Files (x86)/Unity/2020.2.2f1/Editor/Data/Resources/UnitySubsystems
[Subsystems] Discovering subsystems at path D:/Desktop(Drive Data)/GradJam/WAAD/Assets
GfxDevice: creating device client; threaded=0
Direct3D:
    Version:  Direct3D 11.0 [level 11.1]
    Renderer: NVIDIA GeForce GTX 1060 (ID=0x1c20)
    Vendor:   
    VRAM:     2987 MB
    Driver:   27.21.14.6627
Initialize mono
Mono path[0] = 'D:/Program Files (x86)/Unity/2020.2.2f1/Editor/Data/Managed'
Mono path[1] = 'D:/Program Files (x86)/Unity/2020.2.2f1/Editor/Data/MonoBleedingEdge/lib/mono/unityjit'
Mono config path = 'D:/Program Files (x86)/Unity/2020.2.2f1/Editor/Data/MonoBleedingEdge/etc'
Using monoOptions --debugger-agent=transport=dt_socket,embedding=1,server=y,suspend=n,address=127.0.0.1:56508
Begin MonoManager ReloadAssembly
Registering precompiled unity dll's ...
Register platform support module: D:/Program Files (x86)/Unity/2020.2.2f1/Editor/Data/PlaybackEngines/WindowsStandaloneSupport/UnityEditor.WindowsStandalone.Extensions.dll
Registered in 0.001641 seconds.
Native extension for WindowsStandalone target not found
Refreshing native plugins compatible for Editor in 51.25 ms, found 1 plugins.
Preloading 0 native plugins for Editor in 0.00 ms.
Invoked RoslynAnalysisRunner static constructor.
RoslynAnalysisRunner will not be running.
RoslynAnalysisRunner has terminated.
Mono: successfully reloaded assembly
- Completed reload, in  1.509 seconds
Platform modules already initialized, skipping
Registering precompiled user dll's ...
Registered in 0.001015 seconds.
Begin MonoManager ReloadAssembly
Native extension for WindowsStandalone target not found
Refreshing native plugins compatible for Editor in 44.87 ms, found 1 plugins.
Preloading 0 native plugins for Editor in 0.00 ms.
Invoked RoslynAnalysisRunner static constructor.
RoslynAnalysisRunner will not be running.
RoslynAnalysisRunner has terminated.
Mono: successfully reloaded assembly
- Completed reload, in  1.182 seconds
Platform modules already initialized, skipping
========================================================================
Worker process is ready to serve import requests
Launched and connected shader compiler UnityShaderCompiler.exe after 0.07 seconds
Refreshing native plugins compatible for Editor in 0.64 ms, found 1 plugins.
Preloading 0 native plugins for Editor in 0.00 ms.
Unloading 1792 Unused Serialized files (Serialized files now loaded: 0)
System memory in use before: 84.1 MB.
System memory in use after: 84.2 MB.

Unloading 19 unused Assets to reduce memory usage. Loaded Objects now: 2238.
Total: 2.894500 ms (FindLiveObjects: 0.533500 ms CreateObjectMapping: 0.271200 ms MarkObjects: 1.982600 ms  DeleteObjects: 0.105600 ms)

========================================================================
Received Import Request.
  path: Assets/Scenes
  artifactKey: Guid(f6c4b3e84cc5b8f459681a3a36de66c4) Importer(815301076,1909f56bfc062723c751e8b465ee728b)
Start importing Assets/Scenes using Guid(f6c4b3e84cc5b8f459681a3a36de66c4) Importer(815301076,1909f56bfc062723c751e8b465ee728b)  -> (artifact id: '6e8cbce6e0bd6c4608fdba021ac1d3c0') in 0.045297 seconds
  Import took 0.049967 seconds .

========================================================================
Received Import Request.
  Time since last request: 0.000397 seconds.
  path: Assets/Scenes/SampleScene.unity
  artifactKey: Guid(2cda990e2423bbf4892e6590ba056729) Importer(815301076,1909f56bfc062723c751e8b465ee728b)
Start importing Assets/Scenes/SampleScene.unity using Guid(2cda990e2423bbf4892e6590ba056729) Importer(815301076,1909f56bfc062723c751e8b465ee728b)  -> (artifact id: '694ca9c96bcf791ec7b87cc957ec53a1') in 0.019934 seconds
  Import took 0.024565 seconds .

========================================================================
Received Import Request.
  Time since last request: 11.781998 seconds.
  path: Assets
  artifactKey: Guid(00000000000000001000000000000000) Importer(815301076,1909f56bfc062723c751e8b465ee728b)
Start importing Assets using Guid(00000000000000001000000000000000) Importer(815301076,1909f56bfc062723c751e8b465ee728b)  -> (artifact id: '4a6e520b92ccfc61bcfa21a7bcab8468') in 0.010356 seconds
  Import took 0.014517 seconds .

========================================================================
Received Import Request.
  Time since last request: 4.563205 seconds.
  path: Assets/Scripts
  artifactKey: Guid(f586501cbc0a32945a4653bbb6f0c99b) Importer(815301076,1909f56bfc062723c751e8b465ee728b)
Start importing Assets/Scripts using Guid(f586501cbc0a32945a4653bbb6f0c99b) Importer(815301076,1909f56bfc062723c751e8b465ee728b)  -> (artifact id: 'a8566534876896feecc58188d30c9841') in 0.012201 seconds
  Import took 0.016090 seconds .

========================================================================
Received Import Request.
  Time since last request: 4.399895 seconds.
  path: Assets/Prefabs
  artifactKey: Guid(0e0e33f6f1d9cf341b0b8e6f2efc40c1) Importer(815301076,1909f56bfc062723c751e8b465ee728b)
Start importing Assets/Prefabs using Guid(0e0e33f6f1d9cf341b0b8e6f2efc40c1) Importer(815301076,1909f56bfc062723c751e8b465ee728b)  -> (artifact id: '7e9c6c857423fdd69cae296132470ce2') in 0.015790 seconds
  Import took 0.020965 seconds .

========================================================================
Received Import Request.
  Time since last request: 151.066621 seconds.
  path: Assets/Scripts/PlayerController.cs
  artifactKey: Guid(072c6fb514b6c90439698169c0e6f1ff) Importer(815301076,1909f56bfc062723c751e8b465ee728b)
Start importing Assets/Scripts/PlayerController.cs using Guid(072c6fb514b6c90439698169c0e6f1ff) Importer(815301076,1909f56bfc062723c751e8b465ee728b)  -> (artifact id: 'ad381e9b7bd70f40d4821f950047eb47') in 0.124897 seconds
  Import took 0.129913 seconds .

========================================================================
Received Prepare
Registering precompiled user dll's ...
Registered in 0.001852 seconds.
Begin MonoManager ReloadAssembly
Native extension for WindowsStandalone target not found
Refreshing native plugins compatible for Editor in 0.46 ms, found 1 plugins.
Preloading 0 native plugins for Editor in 0.00 ms.
Invoked RoslynAnalysisRunner static constructor.
RoslynAnalysisRunner will not be running.
RoslynAnalysisRunner has terminated.
Mono: successfully reloaded assembly
- Completed reload, in  1.567 seconds
Platform modules already initialized, skipping
Refreshing native plugins compatible for Editor in 0.41 ms, found 1 plugins.
Preloading 0 native plugins for Editor in 0.00 ms.
Unloading 1783 Unused Serialized files (Serialized files now loaded: 0)
System memory in use before: 83.8 MB.
System memory in use after: 83.9 MB.

Unloading 7 unused Assets to reduce memory usage. Loaded Objects now: 2242.
Total: 2.859600 ms (FindLiveObjects: 0.364700 ms CreateObjectMapping: 0.080300 ms MarkObjects: 2.336900 ms  DeleteObjects: 0.076000 ms)

========================================================================
Received Import Request.
  Time since last request: 1055.444280 seconds.
  path: Assets/Scripts/PlayerController.cs
  artifactKey: Guid(072c6fb514b6c90439698169c0e6f1ff) Importer(815301076,1909f56bfc062723c751e8b465ee728b)
Start importing Assets/Scripts/PlayerController.cs using Guid(072c6fb514b6c90439698169c0e6f1ff) Importer(815301076,1909f56bfc062723c751e8b465ee728b)  -> (artifact id: '7d30b91922f3cbb5690bf95a5a49e901') in 0.016269 seconds
  Import took 0.021332 seconds .

========================================================================
Received Import Request.
  Time since last request: 0.032420 seconds.
  path: Assets/Scripts/PlayerController.cs
  artifactKey: Guid(072c6fb514b6c90439698169c0e6f1ff) Importer(815301076,1909f56bfc062723c751e8b465ee728b)
Start importing Assets/Scripts/PlayerController.cs using Guid(072c6fb514b6c90439698169c0e6f1ff) Importer(815301076,1909f56bfc062723c751e8b465ee728b)  -> (artifact id: '7d30b91922f3cbb5690bf95a5a49e901') in 0.004117 seconds
  Import took 0.009221 seconds .

========================================================================
Received Prepare
Registering precompiled user dll's ...
Registered in 0.001251 seconds.
Begin MonoManager ReloadAssembly
Native extension for WindowsStandalone target not found
Refreshing native plugins compatible for Editor in 0.34 ms, found 1 plugins.
Preloading 0 native plugins for Editor in 0.00 ms.
Invoked RoslynAnalysisRunner static constructor.
RoslynAnalysisRunner will not be running.
RoslynAnalysisRunner has terminated.
Mono: successfully reloaded assembly
- Completed reload, in  1.078 seconds
Platform modules already initialized, skipping
Refreshing native plugins compatible for Editor in 0.34 ms, found 1 plugins.
Preloading 0 native plugins for Editor in 0.00 ms.
Unloading 1783 Unused Serialized files (Serialized files now loaded: 0)
System memory in use before: 83.9 MB.
System memory in use after: 84.0 MB.

Unloading 7 unused Assets to reduce memory usage. Loaded Objects now: 2245.
Total: 3.048400 ms (FindLiveObjects: 0.355200 ms CreateObjectMapping: 0.094500 ms MarkObjects: 2.557000 ms  DeleteObjects: 0.039900 ms)

